<?xml version="1.0" encoding="UTF-8"?>
<testng-results ignored="0" total="12" passed="10" failed="2" skipped="0">
  <reporter-output>
  </reporter-output>
  <suite started-at="2024-12-15T16:23:10 IST" name="YourCart Automation suite" finished-at="2024-12-15T16:24:13 IST" duration-ms="63464">
    <groups>
    </groups>
    <test started-at="2024-12-15T16:23:10 IST" name=" YourCart Automation TestCases" finished-at="2024-12-15T16:24:13 IST" duration-ms="63464">
      <class name="com.YourCart.testcases.Login">
        <test-method is-config="true" signature="Setup()[pri:0, instance:com.YourCart.testcases.Login@5b068087]" started-at="2024-12-15T16:23:10 IST" name="Setup" finished-at="2024-12-15T16:23:15 IST" duration-ms="4328" status="PASS">
          <reporter-output>
          </reporter-output>
        </test-method> <!-- Setup -->
        <test-method signature="LoginwithValidData(java.lang.String,java.lang.String)[pri:1, instance:com.YourCart.testcases.Login@5b068087]" started-at="2024-12-15T16:23:15 IST" name="LoginwithValidData" data-provider="supplyTestData" finished-at="2024-12-15T16:23:15 IST" duration-ms="713" status="PASS">
          <params>
            <param index="0">
              <value>
                <![CDATA[ketif98663@ikowat.com]]>
              </value>
            </param>
            <param index="1">
              <value>
                <![CDATA[ketif98663]]>
              </value>
            </param>
          </params>
          <reporter-output>
          </reporter-output>
        </test-method> <!-- LoginwithValidData -->
        <test-method is-config="true" signature="TearDown()[pri:0, instance:com.YourCart.testcases.Login@5b068087]" started-at="2024-12-15T16:23:15 IST" name="TearDown" finished-at="2024-12-15T16:23:16 IST" duration-ms="173" status="PASS">
          <reporter-output>
          </reporter-output>
        </test-method> <!-- TearDown -->
        <test-method is-config="true" signature="Setup()[pri:0, instance:com.YourCart.testcases.Login@5b068087]" started-at="2024-12-15T16:23:16 IST" name="Setup" finished-at="2024-12-15T16:23:18 IST" duration-ms="2145" status="PASS">
          <reporter-output>
          </reporter-output>
        </test-method> <!-- Setup -->
        <test-method signature="LoginwithValidData(java.lang.String,java.lang.String)[pri:1, instance:com.YourCart.testcases.Login@5b068087]" started-at="2024-12-15T16:23:18 IST" name="LoginwithValidData" data-provider="supplyTestData" finished-at="2024-12-15T16:23:28 IST" duration-ms="10608" status="FAIL">
          <params>
            <param index="0">
              <value>
                <![CDATA[ketif9866@ikowat.com]]>
              </value>
            </param>
            <param index="1">
              <value>
                <![CDATA[ketif98664]]>
              </value>
            </param>
          </params>
          <exception class="org.openqa.selenium.NoSuchElementException">
            <message>
              <![CDATA[no such element: Unable to locate element: {"method":"link text","selector":"Edit your account information"}
  (Session info: chrome=131.0.6778.140)
For documentation on this error, please visit: https://www.selenium.dev/documentation/webdriver/troubleshooting/errors#no-such-element-exception
Build info: version: '4.25.0', revision: '8a8aea2337'
System info: os.name: 'Windows 11', os.arch: 'amd64', os.version: '10.0', java.version: '21.0.4'
Driver info: org.openqa.selenium.chrome.ChromeDriver
Command: [122982c9074c20f202a87b0f676894ef, findElement {using=link text, value=Edit your account information}]
Capabilities {acceptInsecureCerts: false, browserName: chrome, browserVersion: 131.0.6778.140, chrome: {chromedriverVersion: 131.0.6778.108 (3b014839fbc..., userDataDir: C:\Users\prita\AppData\Loca...}, fedcm:accounts: true, goog:chromeOptions: {debuggerAddress: localhost:55098}, networkConnectionEnabled: false, pageLoadStrategy: normal, platformName: windows, proxy: Proxy(), se:cdp: ws://localhost:55098/devtoo..., se:cdpVersion: 131.0.6778.140, setWindowRect: true, strictFileInteractability: false, timeouts: {implicit: 0, pageLoad: 300000, script: 30000}, unhandledPromptBehavior: dismiss and notify, webauthn:extension:credBlob: true, webauthn:extension:largeBlob: true, webauthn:extension:minPinLength: true, webauthn:extension:prf: true, webauthn:virtualAuthenticators: true}
Session ID: 122982c9074c20f202a87b0f676894ef]]>
            </message>
            <full-stacktrace>
              <![CDATA[org.openqa.selenium.NoSuchElementException: no such element: Unable to locate element: {"method":"link text","selector":"Edit your account information"}
  (Session info: chrome=131.0.6778.140)
For documentation on this error, please visit: https://www.selenium.dev/documentation/webdriver/troubleshooting/errors#no-such-element-exception
Build info: version: '4.25.0', revision: '8a8aea2337'
System info: os.name: 'Windows 11', os.arch: 'amd64', os.version: '10.0', java.version: '21.0.4'
Driver info: org.openqa.selenium.chrome.ChromeDriver
Command: [122982c9074c20f202a87b0f676894ef, findElement {using=link text, value=Edit your account information}]
Capabilities {acceptInsecureCerts: false, browserName: chrome, browserVersion: 131.0.6778.140, chrome: {chromedriverVersion: 131.0.6778.108 (3b014839fbc..., userDataDir: C:\Users\prita\AppData\Loca...}, fedcm:accounts: true, goog:chromeOptions: {debuggerAddress: localhost:55098}, networkConnectionEnabled: false, pageLoadStrategy: normal, platformName: windows, proxy: Proxy(), se:cdp: ws://localhost:55098/devtoo..., se:cdpVersion: 131.0.6778.140, setWindowRect: true, strictFileInteractability: false, timeouts: {implicit: 0, pageLoad: 300000, script: 30000}, unhandledPromptBehavior: dismiss and notify, webauthn:extension:credBlob: true, webauthn:extension:largeBlob: true, webauthn:extension:minPinLength: true, webauthn:extension:prf: true, webauthn:virtualAuthenticators: true}
Session ID: 122982c9074c20f202a87b0f676894ef
at java.base/jdk.internal.reflect.DirectConstructorHandleAccessor.newInstance(DirectConstructorHandleAccessor.java:62)
at java.base/java.lang.reflect.Constructor.newInstanceWithCaller(Constructor.java:502)
at java.base/java.lang.reflect.Constructor.newInstance(Constructor.java:486)
at org.openqa.selenium.remote.ErrorCodec.decode(ErrorCodec.java:167)
at org.openqa.selenium.remote.codec.w3c.W3CHttpResponseCodec.decode(W3CHttpResponseCodec.java:138)
at org.openqa.selenium.remote.codec.w3c.W3CHttpResponseCodec.decode(W3CHttpResponseCodec.java:50)
at org.openqa.selenium.remote.HttpCommandExecutor.execute(HttpCommandExecutor.java:190)
at org.openqa.selenium.remote.service.DriverCommandExecutor.invokeExecute(DriverCommandExecutor.java:216)
at org.openqa.selenium.remote.service.DriverCommandExecutor.execute(DriverCommandExecutor.java:174)
at org.openqa.selenium.remote.RemoteWebDriver.execute(RemoteWebDriver.java:545)
at org.openqa.selenium.remote.ElementLocation$ElementFinder$2.findElement(ElementLocation.java:165)
at org.openqa.selenium.remote.ElementLocation.findElement(ElementLocation.java:59)
at org.openqa.selenium.remote.RemoteWebDriver.findElement(RemoteWebDriver.java:368)
at org.openqa.selenium.remote.RemoteWebDriver.findElement(RemoteWebDriver.java:362)
at com.YourCart.testcases.Login.LoginwithValidData(Login.java:59)
at java.base/jdk.internal.reflect.DirectMethodHandleAccessor.invoke(DirectMethodHandleAccessor.java:103)
at java.base/java.lang.reflect.Method.invoke(Method.java:580)
at org.testng.internal.invokers.MethodInvocationHelper.invokeMethod(MethodInvocationHelper.java:141)
at org.testng.internal.invokers.TestInvoker.invokeMethod(TestInvoker.java:686)
at org.testng.internal.invokers.TestInvoker.invokeTestMethod(TestInvoker.java:230)
at org.testng.internal.invokers.MethodRunner.runInSequence(MethodRunner.java:63)
at org.testng.internal.invokers.TestInvoker$MethodInvocationAgent.invoke(TestInvoker.java:992)
at org.testng.internal.invokers.TestInvoker.invokeTestMethods(TestInvoker.java:203)
at org.testng.internal.invokers.TestMethodWorker.invokeTestMethods(TestMethodWorker.java:154)
at org.testng.internal.invokers.TestMethodWorker.run(TestMethodWorker.java:134)
at java.base/java.util.ArrayList.forEach(ArrayList.java:1596)
at org.testng.TestRunner.privateRun(TestRunner.java:739)
at org.testng.TestRunner.run(TestRunner.java:614)
at org.testng.SuiteRunner.runTest(SuiteRunner.java:421)
at org.testng.SuiteRunner.runSequentially(SuiteRunner.java:413)
at org.testng.SuiteRunner.privateRun(SuiteRunner.java:373)
at org.testng.SuiteRunner.run(SuiteRunner.java:312)
at org.testng.SuiteRunnerWorker.runSuite(SuiteRunnerWorker.java:52)
at org.testng.SuiteRunnerWorker.run(SuiteRunnerWorker.java:95)
at org.testng.TestNG.runSuitesSequentially(TestNG.java:1274)
at org.testng.TestNG.runSuitesLocally(TestNG.java:1208)
at org.testng.TestNG.runSuites(TestNG.java:1112)
at org.testng.TestNG.run(TestNG.java:1079)
at org.testng.remote.AbstractRemoteTestNG.run(AbstractRemoteTestNG.java:115)
at org.testng.remote.RemoteTestNG.initAndRun(RemoteTestNG.java:293)
at org.testng.remote.RemoteTestNG.main(RemoteTestNG.java:91)
]]>
            </full-stacktrace>
          </exception> <!-- org.openqa.selenium.NoSuchElementException -->
          <reporter-output>
          </reporter-output>
        </test-method> <!-- LoginwithValidData -->
        <test-method is-config="true" signature="TearDown()[pri:0, instance:com.YourCart.testcases.Login@5b068087]" started-at="2024-12-15T16:23:28 IST" name="TearDown" finished-at="2024-12-15T16:23:28 IST" duration-ms="149" status="PASS">
          <reporter-output>
          </reporter-output>
        </test-method> <!-- TearDown -->
        <test-method is-config="true" signature="Setup()[pri:0, instance:com.YourCart.testcases.Login@5b068087]" started-at="2024-12-15T16:23:28 IST" name="Setup" finished-at="2024-12-15T16:23:31 IST" duration-ms="2883" status="PASS">
          <reporter-output>
          </reporter-output>
        </test-method> <!-- Setup -->
        <test-method signature="LoginwithValidData(java.lang.String,java.lang.String)[pri:1, instance:com.YourCart.testcases.Login@5b068087]" started-at="2024-12-15T16:23:31 IST" name="LoginwithValidData" data-provider="supplyTestData" finished-at="2024-12-15T16:23:42 IST" duration-ms="10438" status="FAIL">
          <params>
            <param index="0">
              <value>
                <![CDATA[ketif983@ikowat.com]]>
              </value>
            </param>
            <param index="1">
              <value>
                <![CDATA[ketif98665]]>
              </value>
            </param>
          </params>
          <exception class="org.openqa.selenium.NoSuchElementException">
            <message>
              <![CDATA[no such element: Unable to locate element: {"method":"link text","selector":"Edit your account information"}
  (Session info: chrome=131.0.6778.140)
For documentation on this error, please visit: https://www.selenium.dev/documentation/webdriver/troubleshooting/errors#no-such-element-exception
Build info: version: '4.25.0', revision: '8a8aea2337'
System info: os.name: 'Windows 11', os.arch: 'amd64', os.version: '10.0', java.version: '21.0.4'
Driver info: org.openqa.selenium.chrome.ChromeDriver
Command: [c93a48cb668519612fa8c44ea9fdf55c, findElement {using=link text, value=Edit your account information}]
Capabilities {acceptInsecureCerts: false, browserName: chrome, browserVersion: 131.0.6778.140, chrome: {chromedriverVersion: 131.0.6778.108 (3b014839fbc..., userDataDir: C:\Users\prita\AppData\Loca...}, fedcm:accounts: true, goog:chromeOptions: {debuggerAddress: localhost:55129}, networkConnectionEnabled: false, pageLoadStrategy: normal, platformName: windows, proxy: Proxy(), se:cdp: ws://localhost:55129/devtoo..., se:cdpVersion: 131.0.6778.140, setWindowRect: true, strictFileInteractability: false, timeouts: {implicit: 0, pageLoad: 300000, script: 30000}, unhandledPromptBehavior: dismiss and notify, webauthn:extension:credBlob: true, webauthn:extension:largeBlob: true, webauthn:extension:minPinLength: true, webauthn:extension:prf: true, webauthn:virtualAuthenticators: true}
Session ID: c93a48cb668519612fa8c44ea9fdf55c]]>
            </message>
            <full-stacktrace>
              <![CDATA[org.openqa.selenium.NoSuchElementException: no such element: Unable to locate element: {"method":"link text","selector":"Edit your account information"}
  (Session info: chrome=131.0.6778.140)
For documentation on this error, please visit: https://www.selenium.dev/documentation/webdriver/troubleshooting/errors#no-such-element-exception
Build info: version: '4.25.0', revision: '8a8aea2337'
System info: os.name: 'Windows 11', os.arch: 'amd64', os.version: '10.0', java.version: '21.0.4'
Driver info: org.openqa.selenium.chrome.ChromeDriver
Command: [c93a48cb668519612fa8c44ea9fdf55c, findElement {using=link text, value=Edit your account information}]
Capabilities {acceptInsecureCerts: false, browserName: chrome, browserVersion: 131.0.6778.140, chrome: {chromedriverVersion: 131.0.6778.108 (3b014839fbc..., userDataDir: C:\Users\prita\AppData\Loca...}, fedcm:accounts: true, goog:chromeOptions: {debuggerAddress: localhost:55129}, networkConnectionEnabled: false, pageLoadStrategy: normal, platformName: windows, proxy: Proxy(), se:cdp: ws://localhost:55129/devtoo..., se:cdpVersion: 131.0.6778.140, setWindowRect: true, strictFileInteractability: false, timeouts: {implicit: 0, pageLoad: 300000, script: 30000}, unhandledPromptBehavior: dismiss and notify, webauthn:extension:credBlob: true, webauthn:extension:largeBlob: true, webauthn:extension:minPinLength: true, webauthn:extension:prf: true, webauthn:virtualAuthenticators: true}
Session ID: c93a48cb668519612fa8c44ea9fdf55c
at java.base/jdk.internal.reflect.DirectConstructorHandleAccessor.newInstance(DirectConstructorHandleAccessor.java:62)
at java.base/java.lang.reflect.Constructor.newInstanceWithCaller(Constructor.java:502)
at java.base/java.lang.reflect.Constructor.newInstance(Constructor.java:486)
at org.openqa.selenium.remote.ErrorCodec.decode(ErrorCodec.java:167)
at org.openqa.selenium.remote.codec.w3c.W3CHttpResponseCodec.decode(W3CHttpResponseCodec.java:138)
at org.openqa.selenium.remote.codec.w3c.W3CHttpResponseCodec.decode(W3CHttpResponseCodec.java:50)
at org.openqa.selenium.remote.HttpCommandExecutor.execute(HttpCommandExecutor.java:190)
at org.openqa.selenium.remote.service.DriverCommandExecutor.invokeExecute(DriverCommandExecutor.java:216)
at org.openqa.selenium.remote.service.DriverCommandExecutor.execute(DriverCommandExecutor.java:174)
at org.openqa.selenium.remote.RemoteWebDriver.execute(RemoteWebDriver.java:545)
at org.openqa.selenium.remote.ElementLocation$ElementFinder$2.findElement(ElementLocation.java:165)
at org.openqa.selenium.remote.ElementLocation.findElement(ElementLocation.java:59)
at org.openqa.selenium.remote.RemoteWebDriver.findElement(RemoteWebDriver.java:368)
at org.openqa.selenium.remote.RemoteWebDriver.findElement(RemoteWebDriver.java:362)
at com.YourCart.testcases.Login.LoginwithValidData(Login.java:59)
at java.base/jdk.internal.reflect.DirectMethodHandleAccessor.invoke(DirectMethodHandleAccessor.java:103)
at java.base/java.lang.reflect.Method.invoke(Method.java:580)
at org.testng.internal.invokers.MethodInvocationHelper.invokeMethod(MethodInvocationHelper.java:141)
at org.testng.internal.invokers.TestInvoker.invokeMethod(TestInvoker.java:686)
at org.testng.internal.invokers.TestInvoker.invokeTestMethod(TestInvoker.java:230)
at org.testng.internal.invokers.MethodRunner.runInSequence(MethodRunner.java:63)
at org.testng.internal.invokers.TestInvoker$MethodInvocationAgent.invoke(TestInvoker.java:992)
at org.testng.internal.invokers.TestInvoker.invokeTestMethods(TestInvoker.java:203)
at org.testng.internal.invokers.TestMethodWorker.invokeTestMethods(TestMethodWorker.java:154)
at org.testng.internal.invokers.TestMethodWorker.run(TestMethodWorker.java:134)
at java.base/java.util.ArrayList.forEach(ArrayList.java:1596)
at org.testng.TestRunner.privateRun(TestRunner.java:739)
at org.testng.TestRunner.run(TestRunner.java:614)
at org.testng.SuiteRunner.runTest(SuiteRunner.java:421)
at org.testng.SuiteRunner.runSequentially(SuiteRunner.java:413)
at org.testng.SuiteRunner.privateRun(SuiteRunner.java:373)
at org.testng.SuiteRunner.run(SuiteRunner.java:312)
at org.testng.SuiteRunnerWorker.runSuite(SuiteRunnerWorker.java:52)
at org.testng.SuiteRunnerWorker.run(SuiteRunnerWorker.java:95)
at org.testng.TestNG.runSuitesSequentially(TestNG.java:1274)
at org.testng.TestNG.runSuitesLocally(TestNG.java:1208)
at org.testng.TestNG.runSuites(TestNG.java:1112)
at org.testng.TestNG.run(TestNG.java:1079)
at org.testng.remote.AbstractRemoteTestNG.run(AbstractRemoteTestNG.java:115)
at org.testng.remote.RemoteTestNG.initAndRun(RemoteTestNG.java:293)
at org.testng.remote.RemoteTestNG.main(RemoteTestNG.java:91)
]]>
            </full-stacktrace>
          </exception> <!-- org.openqa.selenium.NoSuchElementException -->
          <reporter-output>
          </reporter-output>
        </test-method> <!-- LoginwithValidData -->
        <test-method is-config="true" signature="TearDown()[pri:0, instance:com.YourCart.testcases.Login@5b068087]" started-at="2024-12-15T16:23:42 IST" name="TearDown" finished-at="2024-12-15T16:23:42 IST" duration-ms="165" status="PASS">
          <reporter-output>
          </reporter-output>
        </test-method> <!-- TearDown -->
        <test-method is-config="true" signature="Setup()[pri:0, instance:com.YourCart.testcases.Login@5b068087]" started-at="2024-12-15T16:23:42 IST" name="Setup" finished-at="2024-12-15T16:23:45 IST" duration-ms="2956" status="PASS">
          <reporter-output>
          </reporter-output>
        </test-method> <!-- Setup -->
        <test-method signature="LoginwithInValidData()[pri:2, instance:com.YourCart.testcases.Login@5b068087]" started-at="2024-12-15T16:23:45 IST" name="LoginwithInValidData" finished-at="2024-12-15T16:23:45 IST" duration-ms="488" status="PASS">
          <reporter-output>
          </reporter-output>
        </test-method> <!-- LoginwithInValidData -->
        <test-method is-config="true" signature="TearDown()[pri:0, instance:com.YourCart.testcases.Login@5b068087]" started-at="2024-12-15T16:23:45 IST" name="TearDown" finished-at="2024-12-15T16:23:45 IST" duration-ms="116" status="PASS">
          <reporter-output>
          </reporter-output>
        </test-method> <!-- TearDown -->
        <test-method is-config="true" signature="Setup()[pri:0, instance:com.YourCart.testcases.Login@5b068087]" started-at="2024-12-15T16:23:45 IST" name="Setup" finished-at="2024-12-15T16:23:47 IST" duration-ms="1907" status="PASS">
          <reporter-output>
          </reporter-output>
        </test-method> <!-- Setup -->
        <test-method signature="LoginwithInvalidEmail()[pri:3, instance:com.YourCart.testcases.Login@5b068087]" started-at="2024-12-15T16:23:47 IST" name="LoginwithInvalidEmail" finished-at="2024-12-15T16:23:48 IST" duration-ms="509" status="PASS">
          <reporter-output>
          </reporter-output>
        </test-method> <!-- LoginwithInvalidEmail -->
        <test-method is-config="true" signature="TearDown()[pri:0, instance:com.YourCart.testcases.Login@5b068087]" started-at="2024-12-15T16:23:48 IST" name="TearDown" finished-at="2024-12-15T16:23:48 IST" duration-ms="129" status="PASS">
          <reporter-output>
          </reporter-output>
        </test-method> <!-- TearDown -->
        <test-method is-config="true" signature="Setup()[pri:0, instance:com.YourCart.testcases.Login@5b068087]" started-at="2024-12-15T16:23:48 IST" name="Setup" finished-at="2024-12-15T16:23:51 IST" duration-ms="2879" status="PASS">
          <reporter-output>
          </reporter-output>
        </test-method> <!-- Setup -->
        <test-method signature="LoginwithInvalidPassword()[pri:4, instance:com.YourCart.testcases.Login@5b068087]" started-at="2024-12-15T16:23:51 IST" name="LoginwithInvalidPassword" finished-at="2024-12-15T16:23:51 IST" duration-ms="495" status="PASS">
          <reporter-output>
          </reporter-output>
        </test-method> <!-- LoginwithInvalidPassword -->
        <test-method is-config="true" signature="TearDown()[pri:0, instance:com.YourCart.testcases.Login@5b068087]" started-at="2024-12-15T16:23:51 IST" name="TearDown" finished-at="2024-12-15T16:23:52 IST" duration-ms="116" status="PASS">
          <reporter-output>
          </reporter-output>
        </test-method> <!-- TearDown -->
        <test-method is-config="true" signature="Setup()[pri:0, instance:com.YourCart.testcases.Login@5b068087]" started-at="2024-12-15T16:23:52 IST" name="Setup" finished-at="2024-12-15T16:23:54 IST" duration-ms="2880" status="PASS">
          <reporter-output>
          </reporter-output>
        </test-method> <!-- Setup -->
        <test-method signature="LoginWithEmptyFileds()[pri:5, instance:com.YourCart.testcases.Login@5b068087]" started-at="2024-12-15T16:23:54 IST" name="LoginWithEmptyFileds" finished-at="2024-12-15T16:23:55 IST" duration-ms="394" status="PASS">
          <reporter-output>
          </reporter-output>
        </test-method> <!-- LoginWithEmptyFileds -->
        <test-method is-config="true" signature="TearDown()[pri:0, instance:com.YourCart.testcases.Login@5b068087]" started-at="2024-12-15T16:23:55 IST" name="TearDown" finished-at="2024-12-15T16:23:55 IST" duration-ms="138" status="PASS">
          <reporter-output>
          </reporter-output>
        </test-method> <!-- TearDown -->
      </class> <!-- com.YourCart.testcases.Login -->
      <class name="com.YourCart.testcases.Search">
        <test-method is-config="true" signature="Browser_Setup()[pri:0, instance:com.YourCart.testcases.Search@4cf8b2dc]" started-at="2024-12-15T16:23:55 IST" name="Browser_Setup" finished-at="2024-12-15T16:23:59 IST" duration-ms="3633" status="PASS">
          <reporter-output>
          </reporter-output>
        </test-method> <!-- Browser_Setup -->
        <test-method signature="SearchValidProduct()[pri:1, instance:com.YourCart.testcases.Search@4cf8b2dc]" started-at="2024-12-15T16:23:59 IST" name="SearchValidProduct" finished-at="2024-12-15T16:23:59 IST" duration-ms="374" status="PASS">
          <reporter-output>
          </reporter-output>
        </test-method> <!-- SearchValidProduct -->
        <test-method is-config="true" signature="TearDown()[pri:0, instance:com.YourCart.testcases.Search@4cf8b2dc]" started-at="2024-12-15T16:23:59 IST" name="TearDown" finished-at="2024-12-15T16:23:59 IST" duration-ms="86" status="PASS">
          <reporter-output>
          </reporter-output>
        </test-method> <!-- TearDown -->
        <test-method is-config="true" signature="Browser_Setup()[pri:0, instance:com.YourCart.testcases.Search@4cf8b2dc]" started-at="2024-12-15T16:23:59 IST" name="Browser_Setup" finished-at="2024-12-15T16:24:02 IST" duration-ms="2636" status="PASS">
          <reporter-output>
          </reporter-output>
        </test-method> <!-- Browser_Setup -->
        <test-method signature="SearchInValidProduct()[pri:2, instance:com.YourCart.testcases.Search@4cf8b2dc]" started-at="2024-12-15T16:24:02 IST" name="SearchInValidProduct" finished-at="2024-12-15T16:24:02 IST" duration-ms="332" status="PASS">
          <reporter-output>
          </reporter-output>
        </test-method> <!-- SearchInValidProduct -->
        <test-method is-config="true" signature="TearDown()[pri:0, instance:com.YourCart.testcases.Search@4cf8b2dc]" started-at="2024-12-15T16:24:02 IST" name="TearDown" finished-at="2024-12-15T16:24:02 IST" duration-ms="83" status="PASS">
          <reporter-output>
          </reporter-output>
        </test-method> <!-- TearDown -->
      </class> <!-- com.YourCart.testcases.Search -->
      <class name="com.YourCart.testcases.Register">
        <test-method is-config="true" signature="browserSetup()[pri:0, instance:com.YourCart.testcases.Register@708400f6]" started-at="2024-12-15T16:24:02 IST" name="browserSetup" finished-at="2024-12-15T16:24:04 IST" duration-ms="1934" status="PASS">
          <reporter-output>
          </reporter-output>
        </test-method> <!-- browserSetup -->
        <test-method signature="RegisterwithAllMandatoryFiled()[pri:1, instance:com.YourCart.testcases.Register@708400f6]" started-at="2024-12-15T16:24:04 IST" name="RegisterwithAllMandatoryFiled" finished-at="2024-12-15T16:24:05 IST" duration-ms="1017" status="PASS">
          <reporter-output>
          </reporter-output>
        </test-method> <!-- RegisterwithAllMandatoryFiled -->
        <test-method is-config="true" signature="tear_down()[pri:0, instance:com.YourCart.testcases.Register@708400f6]" started-at="2024-12-15T16:24:05 IST" name="tear_down" finished-at="2024-12-15T16:24:05 IST" duration-ms="123" status="PASS">
          <reporter-output>
          </reporter-output>
        </test-method> <!-- tear_down -->
        <test-method is-config="true" signature="browserSetup()[pri:0, instance:com.YourCart.testcases.Register@708400f6]" started-at="2024-12-15T16:24:05 IST" name="browserSetup" finished-at="2024-12-15T16:24:08 IST" duration-ms="3000" status="PASS">
          <reporter-output>
          </reporter-output>
        </test-method> <!-- browserSetup -->
        <test-method signature="verifyRegisterAccountByProvidingAllfiled()[pri:2, instance:com.YourCart.testcases.Register@708400f6]" started-at="2024-12-15T16:24:08 IST" name="verifyRegisterAccountByProvidingAllfiled" finished-at="2024-12-15T16:24:09 IST" duration-ms="979" status="PASS">
          <reporter-output>
          </reporter-output>
        </test-method> <!-- verifyRegisterAccountByProvidingAllfiled -->
        <test-method is-config="true" signature="tear_down()[pri:0, instance:com.YourCart.testcases.Register@708400f6]" started-at="2024-12-15T16:24:09 IST" name="tear_down" finished-at="2024-12-15T16:24:09 IST" duration-ms="127" status="PASS">
          <reporter-output>
          </reporter-output>
        </test-method> <!-- tear_down -->
        <test-method is-config="true" signature="browserSetup()[pri:0, instance:com.YourCart.testcases.Register@708400f6]" started-at="2024-12-15T16:24:09 IST" name="browserSetup" finished-at="2024-12-15T16:24:12 IST" duration-ms="2920" status="PASS">
          <reporter-output>
          </reporter-output>
        </test-method> <!-- browserSetup -->
        <test-method signature="verifyRegisterAccountByexitingemail()[pri:3, instance:com.YourCart.testcases.Register@708400f6]" started-at="2024-12-15T16:24:12 IST" name="verifyRegisterAccountByexitingemail" finished-at="2024-12-15T16:24:13 IST" duration-ms="754" status="PASS">
          <reporter-output>
          </reporter-output>
        </test-method> <!-- verifyRegisterAccountByexitingemail -->
        <test-method is-config="true" signature="tear_down()[pri:0, instance:com.YourCart.testcases.Register@708400f6]" started-at="2024-12-15T16:24:13 IST" name="tear_down" finished-at="2024-12-15T16:24:13 IST" duration-ms="118" status="PASS">
          <reporter-output>
          </reporter-output>
        </test-method> <!-- tear_down -->
      </class> <!-- com.YourCart.testcases.Register -->
    </test> <!--  YourCart Automation TestCases -->
  </suite> <!-- YourCart Automation suite -->
</testng-results>
